{
  "RSpec": {
    "coverage": {
      "/app/app/models/email_change_request.rb": {
        "lines": [
          1,
          1,
          null,
          1,
          1,
          null,
          1,
          2,
          null,
          null
        ]
      },
      "/app/app/models/application_record.rb": {
        "lines": [
          1,
          1,
          null
        ]
      },
      "/app/app/models/fridge_item.rb": {
        "lines": [
          1,
          1,
          1,
          1,
          null,
          1,
          11,
          null,
          9,
          9,
          null,
          9,
          1,
          null,
          5,
          null,
          2,
          null,
          1,
          null,
          null,
          null
        ]
      },
      "/app/app/models/ingredient.rb": {
        "lines": [
          1,
          1,
          1,
          null
        ]
      },
      "/app/app/models/nutrition_type.rb": {
        "lines": [
          1,
          1,
          1,
          null,
          1,
          1,
          null
        ]
      },
      "/app/app/models/price.rb": {
        "lines": [
          1,
          1,
          1,
          null,
          1,
          1,
          null,
          null,
          null,
          null,
          null,
          null,
          null,
          null,
          null,
          null,
          null,
          null,
          null,
          null,
          null,
          null,
          null,
          null,
          null,
          null,
          null,
          null,
          1,
          null,
          null,
          1,
          1,
          null,
          null,
          null,
          null,
          null,
          1,
          2,
          null,
          null,
          null,
          1,
          null,
          2,
          null,
          null,
          null,
          null,
          2,
          null,
          1,
          1,
          null,
          1,
          1,
          null,
          null
        ]
      },
      "/app/app/models/recipe.rb": {
        "lines": [
          1,
          1,
          1,
          1,
          1,
          1,
          1,
          1,
          null,
          1,
          null,
          1,
          3,
          null,
          null
        ]
      },
      "/app/app/models/season.rb": {
        "lines": [
          1,
          1,
          null,
          1,
          null,
          null,
          1,
          2,
          2,
          null,
          null,
          null,
          null,
          1,
          10,
          10,
          5,
          null,
          5,
          null,
          null,
          null
        ]
      },
      "/app/app/models/shopping_list_item.rb": {
        "lines": [
          1,
          1,
          1,
          1,
          1,
          null,
          1,
          null,
          1,
          3,
          null,
          3,
          null,
          3,
          1,
          null,
          null,
          null
        ]
      },
      "/app/app/models/shopping_list.rb": {
        "lines": [
          1,
          1,
          1,
          1,
          1,
          null,
          1,
          2,
          2,
          2,
          2,
          null,
          null
        ]
      },
      "/app/app/models/user.rb": {
        "lines": [
          1,
          1,
          1,
          1,
          1,
          1,
          1,
          1,
          null,
          1,
          null,
          1,
          169,
          null,
          null
        ]
      },
      "/app/app/models/vegetable.rb": {
        "lines": [
          1,
          1,
          1,
          1,
          1,
          null,
          1,
          null,
          null
        ]
      },
      "/app/app/services/gemini_new_client.rb": {
        "lines": [
          1,
          1,
          1,
          null,
          null,
          1,
          1,
          null,
          1,
          1,
          1,
          1,
          1,
          1,
          1,
          null,
          1,
          1,
          null,
          1,
          1,
          1,
          0,
          0,
          0,
          0,
          null,
          0,
          null,
          null,
          null,
          1,
          null,
          null,
          null,
          null,
          null,
          null,
          null,
          null,
          null,
          null,
          null,
          null,
          null,
          null,
          null,
          null,
          null,
          null,
          null,
          null,
          null,
          null,
          null,
          null,
          null,
          null,
          null,
          null,
          null,
          null,
          null,
          null,
          1,
          null,
          1,
          null,
          null,
          null,
          null,
          null,
          null,
          null,
          null,
          null,
          null,
          null,
          null,
          null,
          null,
          null,
          null,
          null,
          null,
          null,
          null,
          null,
          null,
          null,
          null,
          null,
          null,
          null,
          null,
          null,
          null,
          null,
          null,
          null,
          null,
          null,
          null,
          null,
          null,
          null,
          null,
          null,
          null,
          null,
          null,
          null,
          null,
          null,
          null,
          null,
          null,
          null,
          null,
          null,
          null,
          null,
          null,
          null,
          null,
          null,
          null,
          null,
          null,
          null,
          null,
          null,
          null,
          null,
          null,
          null,
          1,
          1,
          1,
          1,
          1,
          null
        ]
      },
      "/app/app/models/vegetable_nutrition.rb": {
        "lines": [
          1,
          1,
          1,
          null,
          1,
          1,
          null
        ]
      },
      "/app/app/models/recipe_step.rb": {
        "lines": [
          1,
          1,
          null
        ]
      },
      "/app/app/controllers/api/v1/authentication_controller.rb": {
        "lines": [
          1,
          null,
          1,
          21,
          21,
          20,
          20,
          20,
          null,
          null,
          null,
          null,
          null,
          null,
          null,
          null,
          20,
          null,
          1,
          null,
          null,
          null,
          1,
          1,
          1,
          1,
          1,
          null,
          null,
          1,
          2,
          1,
          null,
          1,
          null,
          null,
          null
        ]
      },
      "/app/app/controllers/application_controller.rb": {
        "lines": [
          1,
          1,
          1,
          1,
          null,
          1,
          43,
          43,
          null,
          19,
          19,
          null,
          0,
          null,
          null,
          24,
          null,
          null,
          null,
          1,
          17,
          0,
          0,
          null,
          null,
          null
        ]
      },
      "/app/app/services/token_generator.rb": {
        "lines": [
          1,
          1,
          null,
          1,
          null,
          1,
          21,
          21,
          null,
          null,
          1,
          19,
          19,
          null
        ]
      },
      "/app/app/controllers/api/v1/fridge_items_controller.rb": {
        "lines": [
          1,
          1,
          null,
          1,
          1,
          1,
          null,
          null,
          1,
          6,
          null,
          6,
          1,
          null,
          null,
          5,
          null,
          null,
          null,
          null,
          null,
          null,
          null,
          null,
          null,
          null,
          null,
          5,
          5,
          5,
          2,
          2,
          null,
          null,
          5,
          1,
          null,
          4,
          4,
          2,
          2,
          2,
          2,
          1,
          null,
          1,
          null,
          2,
          null,
          2,
          null,
          null,
          null,
          null,
          4,
          4,
          null,
          null,
          1,
          null,
          null,
          null,
          1,
          2,
          2,
          null,
          2,
          1,
          1,
          null,
          1,
          null,
          null,
          null,
          1,
          2,
          null,
          2,
          1,
          1,
          null,
          1,
          null,
          null,
          null,
          1,
          null,
          1,
          6,
          6,
          5,
          null,
          null,
          null,
          1,
          2,
          null,
          null,
          null,
          null
        ]
      },
      "/app/app/serializers/fridge_item_serializer.rb": {
        "lines": [
          1,
          1,
          null,
          1,
          null,
          1,
          6,
          null,
          null,
          1,
          6,
          null,
          null
        ]
      },
      "/app/app/controllers/api/v1/shopping_lists_controller.rb": {
        "lines": [
          1,
          1,
          null,
          1,
          1,
          1,
          null,
          null,
          1,
          1,
          1,
          null,
          null,
          1,
          2,
          2,
          1,
          null,
          null,
          1,
          null,
          1,
          1,
          null,
          0,
          null,
          null,
          null,
          null,
          null,
          1,
          2,
          2,
          1,
          null,
          null,
          1,
          1,
          null,
          0,
          null,
          null,
          null,
          1,
          0,
          0,
          null,
          0,
          0,
          0,
          null,
          0,
          null,
          0,
          0,
          null,
          null,
          null,
          0,
          null,
          0,
          null,
          null,
          null,
          null,
          1,
          null,
          1,
          0,
          null,
          null,
          1,
          0,
          0,
          null,
          null,
          null
        ]
      },
      "/app/app/serializers/shopping_list_serializer.rb": {
        "lines": [
          1,
          1,
          null,
          1,
          null,
          1,
          3,
          null,
          null,
          1,
          3,
          null,
          0,
          null,
          null,
          null,
          null,
          null,
          null,
          null,
          null,
          null,
          null,
          null,
          null
        ]
      },
      "/app/app/controllers/api/v1/users_controller.rb": {
        "lines": [
          1,
          1,
          2,
          2,
          null,
          1,
          1,
          1,
          null,
          null,
          null,
          null,
          null,
          null,
          null,
          null,
          null,
          1,
          null,
          1,
          null,
          null,
          null,
          1,
          null,
          1,
          2,
          null
        ]
      },
      "/app/app/channels/application_cable/channel.rb": {
        "lines": [
          0,
          0,
          0,
          0
        ],
        "branches": {}
      },
      "/app/app/channels/application_cable/connection.rb": {
        "lines": [
          0,
          0,
          0,
          0
        ],
        "branches": {}
      },
      "/app/app/controllers/api/v1/auth_controller.rb": {
        "lines": [
          0,
          0,
          null,
          0,
          null,
          0,
          0,
          0,
          0,
          0,
          null,
          0,
          0,
          0,
          0,
          0,
          0,
          0,
          0,
          0,
          0,
          0,
          null,
          0,
          0,
          0,
          0,
          null,
          0,
          null,
          0,
          0,
          0,
          0,
          null,
          0,
          0,
          0,
          null,
          0,
          0,
          0,
          null,
          0,
          0,
          0,
          null,
          0,
          0,
          0,
          0,
          0,
          0,
          0,
          0,
          0,
          0,
          0,
          null,
          0,
          0,
          0,
          0,
          0,
          null,
          0,
          0,
          0,
          0,
          null,
          0,
          0,
          0,
          null,
          0,
          0,
          0,
          0,
          0
        ],
        "branches": {}
      },
      "/app/app/controllers/api/v1/email_change_requests_controller.rb": {
        "lines": [
          0,
          0,
          null,
          0,
          0,
          0,
          0,
          null,
          0,
          null,
          0,
          0,
          null,
          0,
          0,
          0,
          0,
          0,
          0,
          null,
          0,
          null,
          0,
          0,
          null,
          0,
          0,
          null,
          0,
          0,
          0,
          null,
          0,
          0,
          null,
          0,
          null,
          0,
          0,
          0
        ],
        "branches": {}
      },
      "/app/app/controllers/api/v1/passwords_controller.rb": {
        "lines": [
          0,
          0,
          null,
          0,
          0,
          0,
          null,
          0,
          0,
          0,
          null,
          0,
          0,
          0,
          0,
          0,
          0,
          null,
          0,
          0,
          0,
          0,
          0
        ],
        "branches": {}
      },
      "/app/app/controllers/api/v1/recipe_generations_controller.rb": {
        "lines": [
          0,
          0,
          null,
          0,
          0,
          0,
          0,
          null,
          0,
          null,
          0,
          0,
          0,
          0
        ],
        "branches": {}
      },
      "/app/app/controllers/api/v1/recipe_image_generations_controller.rb": {
        "lines": [
          0,
          0,
          null,
          0,
          0,
          0,
          null,
          0,
          0,
          0,
          null,
          0,
          null,
          0,
          0,
          0,
          0,
          null,
          0,
          null,
          0,
          0,
          0
        ],
        "branches": {}
      },
      "/app/app/controllers/api/v1/recipes_controller.rb": {
        "lines": [
          0,
          0,
          null,
          0,
          0,
          null,
          0,
          0,
          null,
          0,
          0,
          0,
          0,
          null,
          0,
          0,
          0,
          0,
          0,
          0,
          0,
          0,
          0,
          0,
          null,
          null,
          0,
          0,
          0,
          0,
          0,
          0,
          0,
          0,
          0,
          null,
          null,
          0,
          null,
          0,
          0,
          0,
          0
        ],
        "branches": {}
      },
      "/app/app/controllers/api/v1/shopping_list_items_controller.rb": {
        "lines": [
          0,
          0,
          null,
          0,
          0,
          null,
          0,
          0,
          0,
          null,
          0,
          null,
          0,
          0,
          0,
          null,
          0,
          0,
          0,
          0,
          0,
          0,
          null,
          0,
          0,
          null,
          0,
          0,
          0,
          0,
          null,
          0,
          null,
          0,
          0,
          0,
          0,
          0,
          0,
          null,
          0,
          0,
          0,
          0,
          0,
          0,
          null,
          0,
          0,
          0,
          0,
          0,
          0,
          null,
          0,
          0,
          0,
          0,
          0,
          null,
          0,
          null,
          0,
          0,
          0,
          0,
          0,
          0,
          0,
          null,
          0,
          0,
          0,
          null,
          0,
          0,
          null,
          0,
          0,
          0,
          0,
          0,
          0,
          0,
          null,
          null,
          0,
          null,
          0,
          0,
          0,
          null,
          0,
          0,
          0,
          0,
          0,
          0
        ],
        "branches": {}
      },
      "/app/app/controllers/api/v1/vegetables_controller.rb": {
        "lines": [
          0,
          0,
          0,
          null,
          0,
          0,
          0,
          null,
          null,
          0,
          null,
          0,
          0,
          0,
          null,
          0,
          0,
          0,
          null,
          0,
          0,
          0,
          0,
          null,
          0,
          0,
          0,
          0,
          0,
          0,
          0,
          0,
          0,
          0,
          null,
          0,
          null,
          0,
          0,
          null,
          0,
          0,
          0,
          0,
          null,
          0,
          0,
          0,
          0,
          null,
          0,
          0,
          0,
          0,
          0
        ],
        "branches": {}
      },
      "/app/app/jobs/application_job.rb": {
        "lines": [
          0,
          null,
          null,
          null,
          null,
          null,
          0
        ],
        "branches": {}
      },
      "/app/app/jobs/export_prices_to_csv_job.rb": {
        "lines": [
          0,
          0,
          0,
          null,
          0,
          0,
          null,
          0,
          0,
          0,
          0,
          0,
          0,
          0
        ],
        "branches": {}
      },
      "/app/app/jobs/import_market_data_job.rb": {
        "lines": [
          0,
          0,
          null,
          0,
          0,
          0,
          0,
          0,
          0,
          0,
          0,
          0
        ],
        "branches": {}
      },
      "/app/app/jobs/print_message_job.rb": {
        "lines": [
          0,
          0,
          null,
          0,
          null,
          0,
          0,
          0
        ],
        "branches": {}
      },
      "/app/app/jobs/purge_unattached_blob_job.rb": {
        "lines": [
          0,
          0,
          null,
          0,
          0,
          0,
          0,
          0,
          0
        ],
        "branches": {}
      },
      "/app/app/mailers/application_mailer.rb": {
        "lines": [
          0,
          0,
          0,
          0
        ],
        "branches": {}
      },
      "/app/app/mailers/user_mailer.rb": {
        "lines": [
          0,
          0,
          0,
          0,
          0,
          0,
          null,
          0,
          0,
          0
        ],
        "branches": {}
      },
      "/app/app/serializers/nutrition_type_serializer.rb": {
        "lines": [
          0,
          0,
          0,
          null,
          0,
          0
        ],
        "branches": {}
      },
      "/app/app/serializers/price_serializer.rb": {
        "lines": [
          0,
          0,
          0,
          0,
          0
        ],
        "branches": {}
      },
      "/app/app/serializers/recipe_serializer.rb": {
        "lines": [
          0,
          0,
          null,
          null,
          0,
          null,
          0,
          0,
          0,
          0,
          0,
          null,
          0,
          0,
          0,
          0,
          0,
          0,
          0,
          0,
          0,
          0,
          0,
          null,
          0,
          0,
          0,
          0,
          0,
          0,
          0,
          0,
          null,
          0,
          0,
          0,
          null,
          0,
          0,
          0,
          0,
          0,
          0,
          0,
          0,
          0,
          0,
          0,
          0,
          0
        ],
        "branches": {}
      },
      "/app/app/serializers/season_serializer.rb": {
        "lines": [
          0,
          0,
          0,
          null,
          0,
          0
        ],
        "branches": {}
      },
      "/app/app/serializers/vegetable_nutrition_serializer.rb": {
        "lines": [
          0,
          0,
          0,
          null,
          0,
          0,
          0
        ],
        "branches": {}
      },
      "/app/app/serializers/vegetable_serializer.rb": {
        "lines": [
          0,
          0,
          null,
          0,
          null,
          0,
          0,
          0,
          0,
          0,
          0,
          0,
          0,
          null,
          0,
          0,
          0,
          0,
          0,
          0,
          null,
          0,
          0,
          0,
          0,
          0,
          0,
          null,
          0,
          0,
          0,
          0,
          0,
          0,
          0,
          0,
          0,
          0,
          null,
          null,
          0,
          0,
          0,
          0,
          0,
          0,
          0,
          0,
          0,
          0
        ],
        "branches": {}
      },
      "/app/app/services/gemini_image_client.rb": {
        "lines": [
          0,
          0,
          0,
          null,
          0,
          0,
          null,
          0,
          0,
          0,
          0,
          null,
          0,
          0,
          0,
          null,
          0,
          0,
          null,
          0,
          0,
          null,
          0,
          null,
          0,
          0,
          null,
          0,
          0,
          0,
          0,
          0,
          0,
          0,
          0,
          0,
          0,
          0,
          0,
          0,
          0,
          null,
          0,
          null,
          0,
          0,
          null,
          null,
          0,
          null,
          null,
          0,
          null,
          0,
          0,
          0
        ],
        "branches": {}
      },
      "/app/app/services/market_data_fetcher.rb": {
        "lines": [
          0,
          0,
          0,
          null,
          0,
          0,
          0,
          null,
          0,
          0,
          0,
          0
        ],
        "branches": {}
      },
      "/app/app/services/market_data_importer.rb": {
        "lines": [
          0,
          0,
          0,
          null,
          0,
          0,
          0,
          null,
          0,
          0,
          0,
          0,
          0,
          0,
          0,
          0,
          0,
          null,
          0,
          0,
          null,
          0,
          0,
          0,
          0,
          0,
          0,
          0,
          0,
          0,
          0,
          0
        ],
        "branches": {}
      },
      "/app/app/services/recipe_creator.rb": {
        "lines": [
          0,
          0,
          0,
          0,
          0,
          null,
          0,
          0,
          0,
          null,
          0,
          0,
          0,
          null,
          0,
          0,
          0,
          null,
          0,
          0,
          0,
          0,
          0,
          null,
          0,
          0,
          0,
          0,
          0
        ],
        "branches": {}
      },
      "/app/app/services/shopping_list_creator.rb": {
        "lines": [
          0,
          0,
          0,
          0,
          0,
          null,
          0,
          0,
          0,
          null,
          0,
          0,
          0,
          0,
          0,
          0,
          0,
          0,
          0,
          0,
          null,
          0,
          null,
          0,
          0,
          0,
          0,
          0,
          null,
          0,
          0,
          0,
          0,
          0,
          null,
          0,
          0,
          null,
          0,
          0,
          0,
          0,
          0
        ],
        "branches": {}
      }
    },
    "timestamp": 1751540371
  }
}
